22/05/02 10:01:54 INFO TextDataConvertor: Dataset: [../dataOFAiR/ratings.csv]
22/05/02 10:01:54 INFO TextDataConvertor: DataSet: ../dataOFAiR/ratings.csv is finished
22/05/02 10:01:54 INFO TextDataConvertor: rating Scale (real): 0.5 to 5.0
22/05/02 10:01:54 INFO TextDataConvertor: user number: 253,	 item number is: 2756
22/05/02 10:01:54 INFO TextDataModel: Transform data to Convertor successfully!
22/05/02 10:01:54 INFO TextDataModel: Split data to train Set and test Set successfully!
22/05/02 10:01:54 INFO TextDataModel: Feature appender loaded successfully!
22/05/02 10:01:54 INFO TextDataConvertor: Dataset: [../dataOFAiR/split/cv_1/train.txt]
22/05/02 10:01:54 INFO TextDataConvertor: DataSet: ../dataOFAiR/split/cv_1/train.txt is finished
22/05/02 10:01:54 INFO TextDataConvertor: rating Scale (real): 0.5 to 5.0
22/05/02 10:01:54 INFO TextDataConvertor: user number: 253,	 item number is: 2756
22/05/02 10:01:54 INFO TextDataModel: Transform data to Convertor successfully!
22/05/02 10:01:54 INFO TextDataConvertor: Dataset: [../dataOFAiR/split/cv_1/test.txt]
22/05/02 10:01:54 INFO TextDataConvertor: DataSet: ../dataOFAiR/split/cv_1/test.txt is finished
22/05/02 10:01:54 INFO TextDataConvertor: rating Scale (real): 0.5 to 5.0
22/05/02 10:01:54 INFO TextDataConvertor: user number: 253,	 item number is: 2756
22/05/02 10:01:54 INFO TextDataModel: Split data to train Set and test Set successfully!
22/05/02 10:01:54 INFO TextDataModel: Data cardinality of training is 23214
22/05/02 10:01:54 INFO TextDataModel: Data cardinality of testing is 11608
22/05/02 10:01:54 INFO TextDataModel: Feature appender loaded successfully!
22/05/02 10:01:54 INFO OracleAlgo: Job Setup completed.
** Training model in OracleAlgo **
22/05/02 10:01:54 INFO TextDataConvertor: Dataset: [exp00000/result/out-1.txt]
22/05/02 10:01:54 INFO TextDataConvertor: DataSet: exp00000/result/out-1.txt is finished
22/05/02 10:01:54 INFO TextDataConvertor: user number: 253,	 item number is: 2765
22/05/02 10:01:54 INFO OracleAlgo: Job Train completed.
22/05/02 10:01:54 INFO OracleAlgo: begin recommend
22/05/02 10:01:54 INFO OracleAlgo: end recommend
22/05/02 10:01:54 INFO RecommenderJob: Evaluator info:NormalizedDCGEvaluator is 0.009924320939228046
22/05/02 10:01:54 INFO RecommenderJob: Evaluator info:PrecisionEvaluator is 0.012964426877470363
22/05/02 10:01:54 INFO RecommenderJob: Evaluator info:PStatisticalParityEvaluator is -0.18023715415019764
22/05/02 10:01:54 INFO TextDataConvertor: Dataset: [../dataOFAiR/split/cv_2/train.txt]
22/05/02 10:01:54 INFO TextDataConvertor: DataSet: ../dataOFAiR/split/cv_2/train.txt is finished
22/05/02 10:01:54 INFO TextDataConvertor: rating Scale (real): 0.5 to 5.0
22/05/02 10:01:54 INFO TextDataConvertor: user number: 253,	 item number is: 2765
22/05/02 10:01:54 INFO TextDataModel: Transform data to Convertor successfully!
22/05/02 10:01:54 INFO TextDataConvertor: Dataset: [../dataOFAiR/split/cv_2/test.txt]
22/05/02 10:01:54 INFO TextDataConvertor: DataSet: ../dataOFAiR/split/cv_2/test.txt is finished
22/05/02 10:01:54 INFO TextDataConvertor: rating Scale (real): 0.5 to 5.0
22/05/02 10:01:54 INFO TextDataConvertor: user number: 253,	 item number is: 2765
22/05/02 10:01:54 INFO TextDataModel: Split data to train Set and test Set successfully!
22/05/02 10:01:54 INFO TextDataModel: Data cardinality of training is 23215
22/05/02 10:01:54 INFO TextDataModel: Data cardinality of testing is 11607
22/05/02 10:01:54 INFO TextDataModel: Feature appender loaded successfully!
22/05/02 10:01:54 INFO OracleAlgo: Job Setup completed.
** Training model in OracleAlgo **
22/05/02 10:01:54 INFO TextDataConvertor: Dataset: [exp00000/result/out-2.txt]
22/05/02 10:01:54 INFO TextDataConvertor: DataSet: exp00000/result/out-2.txt is finished
22/05/02 10:01:54 INFO TextDataConvertor: user number: 253,	 item number is: 2765
22/05/02 10:01:55 INFO OracleAlgo: Job Train completed.
22/05/02 10:01:55 INFO OracleAlgo: begin recommend
22/05/02 10:01:55 INFO OracleAlgo: end recommend
22/05/02 10:01:55 INFO RecommenderJob: Evaluator info:NormalizedDCGEvaluator is 0.001988961597394735
22/05/02 10:01:55 INFO RecommenderJob: Evaluator info:PrecisionEvaluator is 0.0025296442687747045
22/05/02 10:01:55 INFO RecommenderJob: Evaluator info:PStatisticalParityEvaluator is -0.23810276679841896
22/05/02 10:01:55 INFO TextDataConvertor: Dataset: [../dataOFAiR/split/cv_3/train.txt]
22/05/02 10:01:55 INFO TextDataConvertor: DataSet: ../dataOFAiR/split/cv_3/train.txt is finished
22/05/02 10:01:55 INFO TextDataConvertor: rating Scale (real): 0.5 to 5.0
22/05/02 10:01:55 INFO TextDataConvertor: user number: 253,	 item number is: 2765
22/05/02 10:01:55 INFO TextDataModel: Transform data to Convertor successfully!
22/05/02 10:01:55 INFO TextDataConvertor: Dataset: [../dataOFAiR/split/cv_3/test.txt]
22/05/02 10:01:55 INFO TextDataConvertor: DataSet: ../dataOFAiR/split/cv_3/test.txt is finished
22/05/02 10:01:55 INFO TextDataConvertor: rating Scale (real): 0.5 to 5.0
22/05/02 10:01:55 INFO TextDataConvertor: user number: 253,	 item number is: 2765
22/05/02 10:01:55 INFO TextDataModel: Split data to train Set and test Set successfully!
22/05/02 10:01:55 INFO TextDataModel: Data cardinality of training is 23215
22/05/02 10:01:55 INFO TextDataModel: Data cardinality of testing is 11607
22/05/02 10:01:55 INFO TextDataModel: Feature appender loaded successfully!
22/05/02 10:01:55 INFO OracleAlgo: Job Setup completed.
** Training model in OracleAlgo **
22/05/02 10:01:55 INFO TextDataConvertor: Dataset: [exp00000/result/out-3.txt]
22/05/02 10:01:55 INFO TextDataConvertor: DataSet: exp00000/result/out-3.txt is finished
22/05/02 10:01:55 INFO TextDataConvertor: user number: 253,	 item number is: 2765
22/05/02 10:01:55 INFO OracleAlgo: Job Train completed.
22/05/02 10:01:55 INFO OracleAlgo: begin recommend
22/05/02 10:01:55 INFO OracleAlgo: end recommend
22/05/02 10:01:55 INFO RecommenderJob: Evaluator info:NormalizedDCGEvaluator is 0.0023380723189574512
22/05/02 10:01:55 INFO RecommenderJob: Evaluator info:PrecisionEvaluator is 0.002845849802371543
22/05/02 10:01:55 INFO RecommenderJob: Evaluator info:PStatisticalParityEvaluator is -0.24031620553359623
