22/05/09 09:47:44 INFO TextDataConvertor: Dataset: [../data/ratings.csv]
22/05/09 09:47:44 INFO TextDataConvertor: DataSet: ../data/ratings.csv is finished
22/05/09 09:47:44 INFO TextDataConvertor: rating Scale: [1.0, 2.0, 3.0, 4.0, 5.0]
22/05/09 09:47:44 INFO TextDataConvertor: user number: 3000,	 item number is: 1462
22/05/09 09:47:44 INFO TextDataModel: Transform data to Convertor successfully!
22/05/09 09:47:45 INFO TextDataModel: Split data to train Set and test Set successfully!
22/05/09 09:47:45 INFO TextDataModel: Feature appender loaded successfully!
22/05/09 09:47:45 INFO TextDataConvertor: Dataset: [../data/split/cv_1/train.txt]
22/05/09 09:47:45 INFO TextDataConvertor: DataSet: ../data/split/cv_1/train.txt is finished
22/05/09 09:47:45 INFO TextDataConvertor: rating Scale: [1.0, 2.0, 3.0, 4.0, 5.0]
22/05/09 09:47:45 INFO TextDataConvertor: user number: 3000,	 item number is: 1462
22/05/09 09:47:45 INFO TextDataModel: Transform data to Convertor successfully!
22/05/09 09:47:45 INFO TextDataConvertor: Dataset: [../data/split/cv_1/test.txt]
22/05/09 09:47:45 INFO TextDataConvertor: DataSet: ../data/split/cv_1/test.txt is finished
22/05/09 09:47:45 INFO TextDataConvertor: rating Scale: [1.0, 2.0, 3.0, 4.0, 5.0]
22/05/09 09:47:45 INFO TextDataConvertor: user number: 3000,	 item number is: 1462
22/05/09 09:47:45 INFO TextDataModel: Split data to train Set and test Set successfully!
22/05/09 09:47:45 INFO TextDataModel: Data cardinality of training is 138362
22/05/09 09:47:45 INFO TextDataModel: Data cardinality of testing is 69182
22/05/09 09:47:45 INFO TextDataModel: Feature appender loaded successfully!
22/05/09 09:47:45 INFO OracleAlgo: Job Setup completed.
** Training model in OracleAlgo **
22/05/09 09:47:45 INFO TextDataConvertor: Dataset: [exp00002/result/out-1.txt]
22/05/09 09:47:45 INFO TextDataConvertor: DataSet: exp00002/result/out-1.txt is finished
22/05/09 09:47:45 INFO TextDataConvertor: user number: 3000,	 item number is: 1462
22/05/09 09:47:46 INFO OracleAlgo: Job Train completed.
22/05/09 09:47:46 INFO OracleAlgo: begin recommend
22/05/09 09:47:46 INFO OracleAlgo: end recommend
22/05/09 09:47:46 INFO RecommenderJob: Evaluator info:NormalizedDCGEvaluator is 0.11414021459905124
22/05/09 09:47:46 INFO RecommenderJob: Evaluator info:PrecisionEvaluator is 0.10184254606365109
22/05/09 09:47:46 INFO RecommenderJob: Evaluator info:PStatisticalParityEvaluator is -0.262914572864321
22/05/09 09:47:46 INFO TextDataConvertor: Dataset: [../data/split/cv_2/train.txt]
22/05/09 09:47:46 INFO TextDataConvertor: DataSet: ../data/split/cv_2/train.txt is finished
22/05/09 09:47:46 INFO TextDataConvertor: rating Scale: [1.0, 2.0, 3.0, 4.0, 5.0]
22/05/09 09:47:46 INFO TextDataConvertor: user number: 3000,	 item number is: 1462
22/05/09 09:47:46 INFO TextDataModel: Transform data to Convertor successfully!
22/05/09 09:47:46 INFO TextDataConvertor: Dataset: [../data/split/cv_2/test.txt]
22/05/09 09:47:46 INFO TextDataConvertor: DataSet: ../data/split/cv_2/test.txt is finished
22/05/09 09:47:46 INFO TextDataConvertor: rating Scale: [1.0, 2.0, 3.0, 4.0, 5.0]
22/05/09 09:47:46 INFO TextDataConvertor: user number: 3000,	 item number is: 1462
22/05/09 09:47:46 INFO TextDataModel: Split data to train Set and test Set successfully!
22/05/09 09:47:46 INFO TextDataModel: Data cardinality of training is 138363
22/05/09 09:47:46 INFO TextDataModel: Data cardinality of testing is 69181
22/05/09 09:47:46 INFO TextDataModel: Feature appender loaded successfully!
22/05/09 09:47:46 INFO OracleAlgo: Job Setup completed.
** Training model in OracleAlgo **
22/05/09 09:47:46 INFO TextDataConvertor: Dataset: [exp00002/result/out-2.txt]
22/05/09 09:47:46 INFO TextDataConvertor: DataSet: exp00002/result/out-2.txt is finished
22/05/09 09:47:46 INFO TextDataConvertor: user number: 3000,	 item number is: 1462
22/05/09 09:47:46 INFO OracleAlgo: Job Train completed.
22/05/09 09:47:46 INFO OracleAlgo: begin recommend
22/05/09 09:47:47 INFO OracleAlgo: end recommend
22/05/09 09:47:47 INFO RecommenderJob: Evaluator info:NormalizedDCGEvaluator is 0.10180708252600115
22/05/09 09:47:47 INFO RecommenderJob: Evaluator info:PrecisionEvaluator is 0.09996651038178125
22/05/09 09:47:47 INFO RecommenderJob: Evaluator info:PStatisticalParityEvaluator is -0.36878767582050076
22/05/09 09:47:47 INFO TextDataConvertor: Dataset: [../data/split/cv_3/train.txt]
22/05/09 09:47:47 INFO TextDataConvertor: DataSet: ../data/split/cv_3/train.txt is finished
22/05/09 09:47:47 INFO TextDataConvertor: rating Scale: [1.0, 2.0, 3.0, 4.0, 5.0]
22/05/09 09:47:47 INFO TextDataConvertor: user number: 3000,	 item number is: 1462
22/05/09 09:47:47 INFO TextDataModel: Transform data to Convertor successfully!
22/05/09 09:47:47 INFO TextDataConvertor: Dataset: [../data/split/cv_3/test.txt]
22/05/09 09:47:47 INFO TextDataConvertor: DataSet: ../data/split/cv_3/test.txt is finished
22/05/09 09:47:47 INFO TextDataConvertor: rating Scale: [1.0, 2.0, 3.0, 4.0, 5.0]
22/05/09 09:47:47 INFO TextDataConvertor: user number: 3000,	 item number is: 1462
22/05/09 09:47:47 INFO TextDataModel: Split data to train Set and test Set successfully!
22/05/09 09:47:47 INFO TextDataModel: Data cardinality of training is 138363
22/05/09 09:47:47 INFO TextDataModel: Data cardinality of testing is 69181
22/05/09 09:47:47 INFO TextDataModel: Feature appender loaded successfully!
22/05/09 09:47:47 INFO OracleAlgo: Job Setup completed.
** Training model in OracleAlgo **
22/05/09 09:47:47 INFO TextDataConvertor: Dataset: [exp00002/result/out-3.txt]
22/05/09 09:47:47 INFO TextDataConvertor: DataSet: exp00002/result/out-3.txt is finished
22/05/09 09:47:47 INFO TextDataConvertor: user number: 3000,	 item number is: 1462
22/05/09 09:47:47 INFO OracleAlgo: Job Train completed.
22/05/09 09:47:47 INFO OracleAlgo: begin recommend
22/05/09 09:47:47 INFO OracleAlgo: end recommend
22/05/09 09:47:47 INFO RecommenderJob: Evaluator info:NormalizedDCGEvaluator is 0.08528768643866448
22/05/09 09:47:47 INFO RecommenderJob: Evaluator info:PrecisionEvaluator is 0.08761298962169299
22/05/09 09:47:47 INFO RecommenderJob: Evaluator info:PStatisticalParityEvaluator is -0.3148978908604045
