22/05/09 09:56:47 INFO TextDataConvertor: Dataset: [../data/ratings.csv]
22/05/09 09:56:48 INFO TextDataConvertor: DataSet: ../data/ratings.csv is finished
22/05/09 09:56:48 INFO TextDataConvertor: rating Scale: [1.0, 2.0, 3.0, 4.0, 5.0]
22/05/09 09:56:48 INFO TextDataConvertor: user number: 3000,	 item number is: 1462
22/05/09 09:56:48 INFO TextDataModel: Transform data to Convertor successfully!
22/05/09 09:56:48 INFO TextDataModel: Split data to train Set and test Set successfully!
22/05/09 09:56:48 INFO TextDataConvertor: Dataset: [../data/split/cv_1/train.txt]
22/05/09 09:56:48 INFO TextDataConvertor: DataSet: ../data/split/cv_1/train.txt is finished
22/05/09 09:56:48 INFO TextDataConvertor: rating Scale: [1.0, 2.0, 3.0, 4.0, 5.0]
22/05/09 09:56:48 INFO TextDataConvertor: user number: 3000,	 item number is: 1462
22/05/09 09:56:48 INFO TextDataModel: Transform data to Convertor successfully!
22/05/09 09:56:48 INFO TextDataConvertor: Dataset: [../data/split/cv_1/test.txt]
22/05/09 09:56:48 INFO TextDataConvertor: DataSet: ../data/split/cv_1/test.txt is finished
22/05/09 09:56:48 INFO TextDataConvertor: rating Scale: [1.0, 2.0, 3.0, 4.0, 5.0]
22/05/09 09:56:48 INFO TextDataConvertor: user number: 3000,	 item number is: 1462
22/05/09 09:56:48 INFO TextDataModel: Split data to train Set and test Set successfully!
22/05/09 09:56:48 INFO TextDataModel: Data cardinality of training is 138362
22/05/09 09:56:48 INFO TextDataModel: Data cardinality of testing is 69182
22/05/09 09:56:49 INFO OracleAlgo: Job Setup completed.
** Training model in OracleAlgo **
22/05/09 09:56:49 INFO TextDataConvertor: Dataset: [exp00001/result/out-1.txt]
22/05/09 09:56:49 INFO TextDataConvertor: DataSet: exp00001/result/out-1.txt is finished
22/05/09 09:56:49 INFO TextDataConvertor: user number: 3000,	 item number is: 1462
22/05/09 09:56:49 INFO OracleAlgo: Job Train completed.
22/05/09 09:56:49 INFO OracleAlgo: begin recommend
22/05/09 09:56:49 INFO OracleAlgo: end recommend
22/05/09 09:56:49 INFO RecommenderJob: Evaluator info:NormalizedDCGEvaluator is 0.08333869173650575
22/05/09 09:56:49 INFO RecommenderJob: Evaluator info:PrecisionEvaluator is 0.08258539852645559
22/05/09 09:56:49 INFO TextDataConvertor: Dataset: [../data/split/cv_2/train.txt]
22/05/09 09:56:49 INFO TextDataConvertor: DataSet: ../data/split/cv_2/train.txt is finished
22/05/09 09:56:49 INFO TextDataConvertor: rating Scale: [1.0, 2.0, 3.0, 4.0, 5.0]
22/05/09 09:56:49 INFO TextDataConvertor: user number: 3000,	 item number is: 1462
22/05/09 09:56:49 INFO TextDataModel: Transform data to Convertor successfully!
22/05/09 09:56:49 INFO TextDataConvertor: Dataset: [../data/split/cv_2/test.txt]
22/05/09 09:56:49 INFO TextDataConvertor: DataSet: ../data/split/cv_2/test.txt is finished
22/05/09 09:56:49 INFO TextDataConvertor: rating Scale: [1.0, 2.0, 3.0, 4.0, 5.0]
22/05/09 09:56:49 INFO TextDataConvertor: user number: 3000,	 item number is: 1462
22/05/09 09:56:49 INFO TextDataModel: Split data to train Set and test Set successfully!
22/05/09 09:56:49 INFO TextDataModel: Data cardinality of training is 138363
22/05/09 09:56:49 INFO TextDataModel: Data cardinality of testing is 69181
22/05/09 09:56:50 INFO OracleAlgo: Job Setup completed.
** Training model in OracleAlgo **
22/05/09 09:56:50 INFO TextDataConvertor: Dataset: [exp00001/result/out-2.txt]
22/05/09 09:56:50 INFO TextDataConvertor: DataSet: exp00001/result/out-2.txt is finished
22/05/09 09:56:50 INFO TextDataConvertor: user number: 3000,	 item number is: 1462
22/05/09 09:56:50 INFO OracleAlgo: Job Train completed.
22/05/09 09:56:50 INFO OracleAlgo: begin recommend
22/05/09 09:56:50 INFO OracleAlgo: end recommend
22/05/09 09:56:50 INFO RecommenderJob: Evaluator info:NormalizedDCGEvaluator is 0.07999419745417015
22/05/09 09:56:50 INFO RecommenderJob: Evaluator info:PrecisionEvaluator is 0.0809507867425499
22/05/09 09:56:50 INFO TextDataConvertor: Dataset: [../data/split/cv_3/train.txt]
22/05/09 09:56:50 INFO TextDataConvertor: DataSet: ../data/split/cv_3/train.txt is finished
22/05/09 09:56:50 INFO TextDataConvertor: rating Scale: [1.0, 2.0, 3.0, 4.0, 5.0]
22/05/09 09:56:50 INFO TextDataConvertor: user number: 3000,	 item number is: 1462
22/05/09 09:56:50 INFO TextDataModel: Transform data to Convertor successfully!
22/05/09 09:56:50 INFO TextDataConvertor: Dataset: [../data/split/cv_3/test.txt]
22/05/09 09:56:50 INFO TextDataConvertor: DataSet: ../data/split/cv_3/test.txt is finished
22/05/09 09:56:50 INFO TextDataConvertor: rating Scale: [1.0, 2.0, 3.0, 4.0, 5.0]
22/05/09 09:56:50 INFO TextDataConvertor: user number: 3000,	 item number is: 1462
22/05/09 09:56:50 INFO TextDataModel: Split data to train Set and test Set successfully!
22/05/09 09:56:50 INFO TextDataModel: Data cardinality of training is 138363
22/05/09 09:56:50 INFO TextDataModel: Data cardinality of testing is 69181
22/05/09 09:56:50 INFO OracleAlgo: Job Setup completed.
** Training model in OracleAlgo **
22/05/09 09:56:50 INFO TextDataConvertor: Dataset: [exp00001/result/out-3.txt]
22/05/09 09:56:50 INFO TextDataConvertor: DataSet: exp00001/result/out-3.txt is finished
22/05/09 09:56:50 INFO TextDataConvertor: user number: 3000,	 item number is: 1462
22/05/09 09:56:50 INFO OracleAlgo: Job Train completed.
22/05/09 09:56:50 INFO OracleAlgo: begin recommend
22/05/09 09:56:51 INFO OracleAlgo: end recommend
22/05/09 09:56:51 INFO RecommenderJob: Evaluator info:NormalizedDCGEvaluator is 0.06656193661353892
22/05/09 09:56:51 INFO RecommenderJob: Evaluator info:PrecisionEvaluator is 0.06638795986621991
