22/03/28 10:52:10 INFO TextDataConvertor: Dataset: [../data/ratings.csv]
22/03/28 10:52:11 INFO TextDataConvertor: DataSet: ../data/ratings.csv is finished
22/03/28 10:52:11 INFO TextDataConvertor: rating Scale: [1.0, 2.0, 3.0, 4.0, 5.0]
22/03/28 10:52:11 INFO TextDataConvertor: user number: 3000,	 item number is: 1462
22/03/28 10:52:11 INFO TextDataModel: Transform data to Convertor successfully!
22/03/28 10:52:11 INFO TextDataModel: Split data to train Set and test Set successfully!
22/03/28 10:52:11 INFO TextDataModel: Feature appender loaded successfully!
22/03/28 10:52:11 INFO TextDataConvertor: Dataset: [../data/split/cv_1/train.txt]
22/03/28 10:52:11 INFO TextDataConvertor: DataSet: ../data/split/cv_1/train.txt is finished
22/03/28 10:52:11 INFO TextDataConvertor: rating Scale: [1.0, 2.0, 3.0, 4.0, 5.0]
22/03/28 10:52:11 INFO TextDataConvertor: user number: 3000,	 item number is: 1462
22/03/28 10:52:11 INFO TextDataModel: Transform data to Convertor successfully!
22/03/28 10:52:11 INFO TextDataConvertor: Dataset: [../data/split/cv_1/test.txt]
22/03/28 10:52:11 INFO TextDataConvertor: DataSet: ../data/split/cv_1/test.txt is finished
22/03/28 10:52:11 INFO TextDataConvertor: rating Scale: [1.0, 2.0, 3.0, 4.0, 5.0]
22/03/28 10:52:11 INFO TextDataConvertor: user number: 3000,	 item number is: 1462
22/03/28 10:52:11 INFO TextDataModel: Split data to train Set and test Set successfully!
22/03/28 10:52:11 INFO TextDataModel: Data cardinality of training is 103772
22/03/28 10:52:11 INFO TextDataModel: Data cardinality of testing is 103772
22/03/28 10:52:11 INFO TextDataModel: Feature appender loaded successfully!
22/03/28 10:52:11 INFO OracleAlgo: Job Setup completed.
** Training model in OracleAlgo **
22/03/28 10:52:11 INFO TextDataConvertor: Dataset: [exp00000/result/out-1.txt]
22/03/28 10:52:12 INFO TextDataConvertor: DataSet: exp00000/result/out-1.txt is finished
22/03/28 10:52:12 INFO TextDataConvertor: user number: 3000,	 item number is: 1462
22/03/28 10:52:12 INFO OracleAlgo: Job Train completed.
22/03/28 10:52:12 INFO OracleAlgo: begin recommend
22/03/28 10:52:12 INFO OracleAlgo: end recommend
22/03/28 10:52:12 INFO RecommenderJob: Evaluator info:NormalizedDCGEvaluator is 0.1481776334736714
22/03/28 10:52:12 INFO RecommenderJob: Evaluator info:PrecisionEvaluator is 0.1036515353805082
22/03/28 10:52:12 INFO TextDataConvertor: Dataset: [../data/split/cv_2/train.txt]
22/03/28 10:52:12 INFO TextDataConvertor: DataSet: ../data/split/cv_2/train.txt is finished
22/03/28 10:52:12 INFO TextDataConvertor: rating Scale: [1.0, 2.0, 3.0, 4.0, 5.0]
22/03/28 10:52:12 INFO TextDataConvertor: user number: 3000,	 item number is: 1462
22/03/28 10:52:12 INFO TextDataModel: Transform data to Convertor successfully!
22/03/28 10:52:12 INFO TextDataConvertor: Dataset: [../data/split/cv_2/test.txt]
22/03/28 10:52:12 INFO TextDataConvertor: DataSet: ../data/split/cv_2/test.txt is finished
22/03/28 10:52:12 INFO TextDataConvertor: rating Scale: [1.0, 2.0, 3.0, 4.0, 5.0]
22/03/28 10:52:12 INFO TextDataConvertor: user number: 3000,	 item number is: 1462
22/03/28 10:52:12 INFO TextDataModel: Split data to train Set and test Set successfully!
22/03/28 10:52:12 INFO TextDataModel: Data cardinality of training is 103772
22/03/28 10:52:12 INFO TextDataModel: Data cardinality of testing is 103772
22/03/28 10:52:12 INFO TextDataModel: Feature appender loaded successfully!
22/03/28 10:52:12 INFO OracleAlgo: Job Setup completed.
** Training model in OracleAlgo **
22/03/28 10:52:12 INFO TextDataConvertor: Dataset: [exp00000/result/out-2.txt]
22/03/28 10:52:12 INFO TextDataConvertor: DataSet: exp00000/result/out-2.txt is finished
22/03/28 10:52:12 INFO TextDataConvertor: user number: 3000,	 item number is: 1462
22/03/28 10:52:12 INFO OracleAlgo: Job Train completed.
22/03/28 10:52:12 INFO OracleAlgo: begin recommend
22/03/28 10:52:12 INFO OracleAlgo: end recommend
22/03/28 10:52:12 INFO RecommenderJob: Evaluator info:NormalizedDCGEvaluator is 0.14804871309732803
22/03/28 10:52:12 INFO RecommenderJob: Evaluator info:PrecisionEvaluator is 0.10350783594531582
